<?xml version="1.0" encoding="UTF-8"?>
<!-- Generated by org.testng.reporters.JUnitReportReporter -->
<testsuite hostname="DESKTOP-24A78GH" failures="0" tests="1" name="testNGLearning.ThruTextFile" time="0.005" errors="0" timestamp="2024-10-25T22:11:44 EDT" skipped="0">
  <testcase classname="testNGLearning.ThruTextFile" name="readandwrite" time="0.005"/>
  <system-out/>
</testsuite> <!-- testNGLearning.ThruTextFile -->
