<?xml version="1.0" encoding="UTF-8"?>
<!-- Generated by org.testng.reporters.JUnitReportReporter -->
<testsuite hostname="DESKTOP-24A78GH" failures="0" tests="4" name="testNGLearning.Rediff" time="12.876" errors="0" timestamp="2024-10-25T22:11:44 EDT" skipped="1">
  <testcase classname="testNGLearning.Rediff" name="openRediff" time="11.352"/>
  <system-out/>
  <testcase classname="testNGLearning.Rediff" name="loginRediff" time="0.026"/>
  <system-out/>
  <testcase classname="testNGLearning.Rediff" name="closeRediff" time="1.498"/>
  <system-out/>
  <testcase classname="testNGLearning.Rediff" name="loginRediff1">
    <skipped/>
  </testcase> <!-- loginRediff1 -->
  <system-out/>
</testsuite> <!-- testNGLearning.Rediff -->
