<?xml version="1.0" encoding="UTF-8"?>
<!-- Generated by org.testng.reporters.JUnitReportReporter -->
<testsuite hostname="DESKTOP-24A78GH" failures="0" tests="1" name="testNGLearning.MultipleAttr" time="11.266" errors="0" timestamp="2024-10-25T23:23:13 EDT" skipped="0">
  <testcase classname="testNGLearning.MultipleAttr" name="multipleAttribute" time="11.266"/>
  <system-out/>
</testsuite> <!-- testNGLearning.MultipleAttr -->
