<?xml version="1.0" encoding="UTF-8"?>
<!-- Generated by org.testng.reporters.JUnitReportReporter -->
<testsuite hostname="DESKTOP-24A78GH" failures="0" tests="3" name="testNGLearning.CompareWebTable" time="4.705" errors="0" timestamp="2024-10-25T22:11:44 EDT" skipped="0">
  <testcase classname="testNGLearning.CompareWebTable" name="readFromWebTable" time="4.705"/>
  <system-out/>
  <testcase classname="testNGLearning.CompareWebTable" name="readFromTextFile" time="0.000"/>
  <system-out/>
  <testcase classname="testNGLearning.CompareWebTable" name="compareData" time="0.000"/>
  <system-out/>
</testsuite> <!-- testNGLearning.CompareWebTable -->
